<testng-results>
  <reporter-output>
  </reporter-output>
  <suite name="Command line suite">
    <groups>
    </groups>
    <test name="Command line test">
      <class name="ca.ualberta.cs.RESTServerConnector.AppTest">
        <test-method status="PASS" signature="testApp()" name="testApp on instance testApp(ca.ualberta.cs.RESTServerConnector.AppTest)" duration-ms="3" started-at="2010-10-08T20:39:37Z" finished-at="2010-10-08T20:39:37Z">
        </test-method>
      </class>
    </test>
  </suite>
</testng-results>
